<?xml version="1.0" encoding="UTF-8"?>
<testsuite xmlns:xsi="http://www.w3.org/2001/XMLSchema-instance" xsi:noNamespaceSchemaLocation="https://maven.apache.org/surefire/maven-surefire-plugin/xsd/surefire-test-report.xsd" name="FileManagerTest" time="0.192" tests="4" errors="2" skipped="0" failures="0">
  <properties>
[...]
</properties>
  <testcase name="convertJSONtoCSV" classname="FileManagerTest" time="0.152">
    <error message="java.nio.charset.MalformedInputException: Input length = 1" type="java.lang.RuntimeException">java.lang.RuntimeException: java.nio.charset.MalformedInputException: Input length = 1
	at FileManagerTest.convertJSONtoCSV(FileManagerTest.java:68)
Caused by: java.nio.charset.MalformedInputException: Input length = 1
	at FileManagerTest.convertJSONtoCSV(FileManagerTest.java:66)
</error>
  </testcase>
  <testcase name="saveInCSV" classname="FileManagerTest" time="0.001"/>
  <testcase name="saveInJSONTest" classname="FileManagerTest" time="0.006">
    <error message="java.lang.Exception: Erro a ler ficheiro JSON validtest.json, Cannot invoke &quot;String.isEmpty()&quot; because the return value of &quot;java.util.Map.get(Object)&quot; is null" type="java.lang.RuntimeException">java.lang.RuntimeException: java.lang.Exception: Erro a ler ficheiro JSON validtest.json, Cannot invoke "String.isEmpty()" because the return value of "java.util.Map.get(Object)" is null
	at FileManagerTest.saveInJSONTest(FileManagerTest.java:86)
Caused by: java.lang.Exception: Erro a ler ficheiro JSON validtest.json, Cannot invoke "String.isEmpty()" because the return value of "java.util.Map.get(Object)" is null
	at FileManagerTest.saveInJSONTest(FileManagerTest.java:84)
</error>
  </testcase>
  <testcase name="convertCSVtoJSON" classname="FileManagerTest" time="0.033"/>
</testsuite>