<?xml version="1.0" encoding="UTF-8"?>
<testsuite xmlns:xsi="http://www.w3.org/2001/XMLSchema-instance" xsi:noNamespaceSchemaLocation="https://maven.apache.org/surefire/maven-surefire-plugin/xsd/surefire-test-report.xsd" name="FileManagerTest" time="0.445" tests="2" errors="0" skipped="0" failures="0">
  <properties>
[...]
</properties>
  <testcase name="saveInCSV" classname="FileManagerTest" time="0.032"/>
  <testcase name="convertCSVtoJSON" classname="FileManagerTest" time="0.397"/>
</testsuite>